<?xml version="1.0" encoding="UTF-8"?>
<testsuite xmlns:xsi="http://www.w3.org/2001/XMLSchema-instance" xsi:noNamespaceSchemaLocation="https://maven.apache.org/surefire/maven-surefire-plugin/xsd/surefire-test-report-3.0.xsd" version="3.0" name="com.masai.MindMeshBackendApplicationTests" time="75.774" tests="1" errors="0" skipped="0" failures="0">
  <properties>
[...]
</properties>
  <testcase name="contextLoads" classname="com.masai.MindMeshBackendApplicationTests" time="3.856">
    <system-out><![CDATA[11:56:58.164 [main] INFO org.springframework.test.context.support.AnnotationConfigContextLoaderUtils -- Could not detect default configuration classes for test class [com.masai.MindMeshBackendApplicationTests]: MindMeshBackendApplicationTests does not declare any static, non-private, non-final, nested classes annotated with @Configuration.
11:56:59.383 [main] INFO org.springframework.boot.test.context.SpringBootTestContextBootstrapper -- Found @SpringBootConfiguration com.masai.MindMeshBackendApplication for test class com.masai.MindMeshBackendApplicationTests

  .   ____          _            __ _ _
 /\\ / ___'_ __ _ _(_)_ __  __ _ \ \ \ \
( ( )\___ | '_ | '_| | '_ \/ _` | \ \ \ \
 \\/  ___)| |_)| | | | | || (_| |  ) ) ) )
  '  |____| .__|_| |_|_| |_\__, | / / / /
 =========|_|==============|___/=/_/_/_/
 :: Spring Boot ::                (v3.1.1)

2023-06-24T11:57:06.938+05:30  INFO 8864 --- [           main] c.masai.MindMeshBackendApplicationTests  : Starting MindMeshBackendApplicationTests using Java 17.0.6 with PID 8864 (started by Ritik Rana in C:\Users\Ritik Rana\Desktop\MindMesh\Backend\MindMeshBackend)
2023-06-24T11:57:06.950+05:30  INFO 8864 --- [           main] c.masai.MindMeshBackendApplicationTests  : No active profile set, falling back to 1 default profile: "default"
2023-06-24T11:57:20.715+05:30  INFO 8864 --- [           main] .s.d.r.c.RepositoryConfigurationDelegate : Bootstrapping Spring Data JPA repositories in DEFAULT mode.
2023-06-24T11:57:21.229+05:30  INFO 8864 --- [           main] .s.d.r.c.RepositoryConfigurationDelegate : Finished Spring Data repository scanning in 436 ms. Found 1 JPA repository interfaces.
2023-06-24T11:57:31.080+05:30  INFO 8864 --- [           main] o.hibernate.jpa.internal.util.LogHelper  : HHH000204: Processing PersistenceUnitInfo [name: default]
2023-06-24T11:57:32.423+05:30  INFO 8864 --- [           main] org.hibernate.Version                    : HHH000412: Hibernate ORM core version 6.2.5.Final
2023-06-24T11:57:32.451+05:30  INFO 8864 --- [           main] org.hibernate.cfg.Environment            : HHH000406: Using bytecode reflection optimizer
2023-06-24T11:57:35.035+05:30  INFO 8864 --- [           main] o.h.b.i.BytecodeProviderInitiator        : HHH000021: Bytecode provider name : bytebuddy
2023-06-24T11:57:37.367+05:30  INFO 8864 --- [           main] o.s.o.j.p.SpringPersistenceUnitInfo      : No LoadTimeWeaver setup: ignoring JPA class transformer
2023-06-24T11:57:37.593+05:30  INFO 8864 --- [           main] com.zaxxer.hikari.HikariDataSource       : HikariPool-1 - Starting...
2023-06-24T11:57:41.731+05:30  INFO 8864 --- [           main] com.zaxxer.hikari.pool.HikariPool        : HikariPool-1 - Added connection com.mysql.cj.jdbc.ConnectionImpl@3b65084e
2023-06-24T11:57:41.754+05:30  INFO 8864 --- [           main] com.zaxxer.hikari.HikariDataSource       : HikariPool-1 - Start completed.
2023-06-24T11:57:47.039+05:30  INFO 8864 --- [           main] o.h.b.i.BytecodeProviderInitiator        : HHH000021: Bytecode provider name : bytebuddy
2023-06-24T11:57:51.993+05:30  INFO 8864 --- [           main] o.h.e.t.j.p.i.JtaPlatformInitiator       : HHH000490: Using JtaPlatform implementation: [org.hibernate.engine.transaction.jta.platform.internal.NoJtaPlatform]
2023-06-24T11:57:52.359+05:30  INFO 8864 --- [           main] j.LocalContainerEntityManagerFactoryBean : Initialized JPA EntityManagerFactory for persistence unit 'default'
2023-06-24T11:57:57.175+05:30  WARN 8864 --- [           main] JpaBaseConfiguration$JpaWebConfiguration : spring.jpa.open-in-view is enabled by default. Therefore, database queries may be performed during view rendering. Explicitly configure spring.jpa.open-in-view to disable this warning
2023-06-24T11:58:02.665+05:30  INFO 8864 --- [           main] o.s.s.web.DefaultSecurityFilterChain     : Will secure any request with [org.springframework.security.web.session.DisableEncodeUrlFilter@35599228, org.springframework.security.web.context.request.async.WebAsyncManagerIntegrationFilter@51ac72f7, org.springframework.security.web.context.SecurityContextHolderFilter@1a18e68a, org.springframework.security.web.header.HeaderWriterFilter@3358805a, org.springframework.web.filter.CorsFilter@15324f25, org.springframework.security.web.csrf.CsrfFilter@6939f18a, org.springframework.security.web.authentication.logout.LogoutFilter@21b3d356, org.springframework.security.web.authentication.UsernamePasswordAuthenticationFilter@452a32f2, org.springframework.security.web.authentication.ui.DefaultLoginPageGeneratingFilter@75c45c4b, org.springframework.security.web.authentication.ui.DefaultLogoutPageGeneratingFilter@7b9f7087, com.masai.config.JwtTokenValidatorFilter@22e650e, org.springframework.security.web.authentication.www.BasicAuthenticationFilter@2b69ff13, com.masai.config.JwtTokenGeneratorFilter@30a79476, com.masai.config.CsrfCookieFilter@376bae20, org.springframework.security.web.savedrequest.RequestCacheAwareFilter@4f63909f, org.springframework.security.web.servletapi.SecurityContextHolderAwareRequestFilter@59172d2, org.springframework.security.web.authentication.AnonymousAuthenticationFilter@37f0fb02, org.springframework.security.web.session.SessionManagementFilter@642b71d6, org.springframework.security.web.access.ExceptionTranslationFilter@46baac0d, org.springframework.security.web.access.intercept.AuthorizationFilter@44cab872]
2023-06-24T11:58:06.912+05:30  INFO 8864 --- [           main] c.masai.MindMeshBackendApplicationTests  : Started MindMeshBackendApplicationTests in 64.564 seconds (process running for 79.088)
]]></system-out>
  </testcase>
</testsuite>